Token: 26	float$
Token: 24	mongaTest$
Token: 15	(
Token: 25	char$
Token: 24	test$
Token: 17	[
Token: 12	]
Token: 7	,
Token: 27	int$
Token: 24	p$
Token: 16	)
Token: 6	;
Token: 27	int$
Token: 24	main$
Token: 15	(
Token: 27	int$
Token: 24	argc$
Token: 7	,
Token: 25	char$
Token: 24	argv$
Token: 17	[
Token: 12	]
Token: 16	)
Token: 10	{
Token: 25	char$
Token: 24	string$
Token: 17	[
Token: 36	4
Token: 12	]
Token: 5	=
Token: 34	TEST 1, 2, 3$
Token: 6	;
Token: 26	float$
Token: 24	out_123$
Token: 5	=
Token: 24	mongaTest$
Token: 15	(
Token: 24	string$
Token: 7	,
Token: 36	4
Token: 16	)
Token: 6	;
Token: 28	if$
Token: 15	(
Token: 24	out_123$
Token: 20	!=$
Token: 36	0
Token: 16	)
Token: 24	out_123$
Token: 5	=
Token: 37	ff
Token: 6	;
Token: 32	return$
Token: 36	0
Token: 6	;
Token: 8	}
Token: 26	float$
Token: 24	mongaTest$
Token: 15	(
Token: 25	char$
Token: 24	test$
Token: 17	[
Token: 12	]
Token: 7	,
Token: 27	int$
Token: 24	p$
Token: 16	)
Token: 10	{
Token: 27	int$
Token: 24	i_1$
Token: 7	,
Token: 24	i_2$
Token: 5	=
Token: 36	0
Token: 6	;
Token: 26	float$
Token: 24	out$
Token: 6	;
Token: 24	for$
Token: 15	(
Token: 24	i_1$
Token: 7	,
Token: 24	i_2$
Token: 6	;
Token: 15	(
Token: 24	i_1$
Token: 4	*
Token: 24	i_2$
Token: 16	)
Token: 9	<
Token: 24	p$
Token: 6	;
Token: 24	i_1$
Token: 4	*
Token: 4	*
Token: 7	,
Token: 24	i_2$
Token: 4	*
Token: 4	*
Token: 16	)
Token: 28	if$
Token: 15	(
Token: 24	test$
Token: 17	[
Token: 24	i_1$
Token: 12	]
Token: 23	==$
Token: 24	p$
Token: 13	-
Token: 36	4
Token: 4	*
Token: 36	2
Token: 16	)
Token: 10	{
Token: 24	out$
Token: 5	=
Token: 24	i_1$
Token: 14	/
Token: 24	test$
Token: 17	[
Token: 24	i_2$
Token: 12	]
Token: 6	;
Token: 24	i_2$
Token: 5	=
Token: 24	i1$
Token: 6	;
Token: 8	}
Token: 29	else$
Token: 32	return$
Token: 24	out$
Token: 6	;
Token: 32	return$
Token: 15	(
Token: 24	out$
Token: 4	*
Token: 24	i_1$
Token: 4	*
Token: 24	i_2$
Token: 16	)
Token: 6	;
Token: 8	}
